The system is: Linux - 5.14.0-427.42.1.el9_4.x86_64 - x86_64
Compiling the C compiler identification source file "CMakeCCompilerId.c" succeeded.
Compiler: /usr/bin/clang-19 
Build flags: 
Id flags:  

The output was:
0


Compilation of the C compiler identification source "CMakeCCompilerId.c" produced "a.out"

The C compiler identification is Clang, found in "/workspace/CUDA/LLVM/counting/demo2/build/CMakeFiles/3.22.1/CompilerIdC/a.out"

Compiling the CXX compiler identification source file "CMakeCXXCompilerId.cpp" succeeded.
Compiler: /usr/bin/clang++-19 
Build flags: 
Id flags:  

The output was:
0


Compilation of the CXX compiler identification source "CMakeCXXCompilerId.cpp" produced "a.out"

The CXX compiler identification is Clang, found in "/workspace/CUDA/LLVM/counting/demo2/build/CMakeFiles/3.22.1/CompilerIdCXX/a.out"

Detecting C compiler ABI info compiled with the following output:
Change Dir: /workspace/CUDA/LLVM/counting/demo2/build/CMakeFiles/CMakeTmp

Run Build Command(s):/usr/bin/gmake -f Makefile cmTC_3982f/fast && /usr/bin/gmake  -f CMakeFiles/cmTC_3982f.dir/build.make CMakeFiles/cmTC_3982f.dir/build
gmake[1]: Entering directory '/workspace/CUDA/LLVM/counting/demo2/build/CMakeFiles/CMakeTmp'
Building C object CMakeFiles/cmTC_3982f.dir/CMakeCCompilerABI.c.o
/usr/bin/clang-19   -v -MD -MT CMakeFiles/cmTC_3982f.dir/CMakeCCompilerABI.c.o -MF CMakeFiles/cmTC_3982f.dir/CMakeCCompilerABI.c.o.d -o CMakeFiles/cmTC_3982f.dir/CMakeCCompilerABI.c.o -c /usr/share/cmake-3.22/Modules/CMakeCCompilerABI.c
Ubuntu clang version 19.1.7 (++20250114103320+cd708029e0b2-1~exp1~20250114103432.75)
Target: x86_64-pc-linux-gnu
Thread model: posix
InstalledDir: /usr/lib/llvm-19/bin
Found candidate GCC installation: /usr/lib/gcc/x86_64-linux-gnu/11
Selected GCC installation: /usr/lib/gcc/x86_64-linux-gnu/11
Candidate multilib: .;@m64
Selected multilib: .;@m64
Found CUDA installation: /usr/local/cuda-12.5, version 12.5
 (in-process)
 "/usr/lib/llvm-19/bin/clang" -cc1 -triple x86_64-pc-linux-gnu -emit-obj -disable-free -clear-ast-before-backend -disable-llvm-verifier -discard-value-names -main-file-name CMakeCCompilerABI.c -mrelocation-model pic -pic-level 2 -pic-is-pie -mframe-pointer=all -fmath-errno -ffp-contract=on -fno-rounding-math -mconstructor-aliases -funwind-tables=2 -target-cpu x86-64 -tune-cpu generic -debugger-tuning=gdb -fdebug-compilation-dir=/workspace/CUDA/LLVM/counting/demo2/build/CMakeFiles/CMakeTmp -v -fcoverage-compilation-dir=/workspace/CUDA/LLVM/counting/demo2/build/CMakeFiles/CMakeTmp -resource-dir /usr/lib/llvm-19/lib/clang/19 -dependency-file CMakeFiles/cmTC_3982f.dir/CMakeCCompilerABI.c.o.d -MT CMakeFiles/cmTC_3982f.dir/CMakeCCompilerABI.c.o -sys-header-deps -internal-isystem /usr/lib/llvm-19/lib/clang/19/include -internal-isystem /usr/local/include -internal-isystem /usr/lib/gcc/x86_64-linux-gnu/11/../../../../x86_64-linux-gnu/include -internal-externc-isystem /usr/include/x86_64-linux-gnu -internal-externc-isystem /include -internal-externc-isystem /usr/include -ferror-limit 19 -fgnuc-version=4.2.1 -fskip-odr-check-in-gmf -faddrsig -D__GCC_HAVE_DWARF2_CFI_ASM=1 -o CMakeFiles/cmTC_3982f.dir/CMakeCCompilerABI.c.o -x c /usr/share/cmake-3.22/Modules/CMakeCCompilerABI.c
clang -cc1 version 19.1.7 based upon LLVM 19.1.7 default target x86_64-pc-linux-gnu
ignoring nonexistent directory "/usr/lib/gcc/x86_64-linux-gnu/11/../../../../x86_64-linux-gnu/include"
ignoring nonexistent directory "/include"
#include "..." search starts here:
#include <...> search starts here:
 /usr/lib/llvm-19/lib/clang/19/include
 /usr/local/include
 /usr/include/x86_64-linux-gnu
 /usr/include
End of search list.
Linking C executable cmTC_3982f
/usr/bin/cmake -E cmake_link_script CMakeFiles/cmTC_3982f.dir/link.txt --verbose=1
/usr/bin/clang-19  -v CMakeFiles/cmTC_3982f.dir/CMakeCCompilerABI.c.o -o cmTC_3982f 
Ubuntu clang version 19.1.7 (++20250114103320+cd708029e0b2-1~exp1~20250114103432.75)
Target: x86_64-pc-linux-gnu
Thread model: posix
InstalledDir: /usr/lib/llvm-19/bin
Found candidate GCC installation: /usr/lib/gcc/x86_64-linux-gnu/11
Selected GCC installation: /usr/lib/gcc/x86_64-linux-gnu/11
Candidate multilib: .;@m64
Selected multilib: .;@m64
Found CUDA installation: /usr/local/cuda-12.5, version 12.5
 "/usr/bin/ld" -z relro --hash-style=gnu --build-id --eh-frame-hdr -m elf_x86_64 -pie -dynamic-linker /lib64/ld-linux-x86-64.so.2 -o cmTC_3982f /lib/x86_64-linux-gnu/Scrt1.o /lib/x86_64-linux-gnu/crti.o /usr/lib/gcc/x86_64-linux-gnu/11/crtbeginS.o -L/usr/lib/gcc/x86_64-linux-gnu/11 -L/usr/lib/gcc/x86_64-linux-gnu/11/../../../../lib64 -L/lib/x86_64-linux-gnu -L/lib/../lib64 -L/usr/lib/x86_64-linux-gnu -L/usr/lib/../lib64 -L/lib -L/usr/lib -L/usr/local/cuda/lib64/stubs CMakeFiles/cmTC_3982f.dir/CMakeCCompilerABI.c.o -lgcc --as-needed -lgcc_s --no-as-needed -lc -lgcc --as-needed -lgcc_s --no-as-needed /usr/lib/gcc/x86_64-linux-gnu/11/crtendS.o /lib/x86_64-linux-gnu/crtn.o
gmake[1]: Leaving directory '/workspace/CUDA/LLVM/counting/demo2/build/CMakeFiles/CMakeTmp'



Parsed C implicit include dir info from above output: rv=done
  found start of include info
  found start of implicit include info
    add: [/usr/lib/llvm-19/lib/clang/19/include]
    add: [/usr/local/include]
    add: [/usr/include/x86_64-linux-gnu]
    add: [/usr/include]
  end of search list found
  collapse include dir [/usr/lib/llvm-19/lib/clang/19/include] ==> [/usr/lib/llvm-19/lib/clang/19/include]
  collapse include dir [/usr/local/include] ==> [/usr/local/include]
  collapse include dir [/usr/include/x86_64-linux-gnu] ==> [/usr/include/x86_64-linux-gnu]
  collapse include dir [/usr/include] ==> [/usr/include]
  implicit include dirs: [/usr/lib/llvm-19/lib/clang/19/include;/usr/local/include;/usr/include/x86_64-linux-gnu;/usr/include]


Parsed C implicit link information from above output:
  link line regex: [^( *|.*[/\])(ld\.lld-19|CMAKE_LINK_STARTFILE-NOTFOUND|([^/\]+-)?ld|collect2)[^/\]*( |$)]
  ignore line: [Change Dir: /workspace/CUDA/LLVM/counting/demo2/build/CMakeFiles/CMakeTmp]
  ignore line: []
  ignore line: [Run Build Command(s):/usr/bin/gmake -f Makefile cmTC_3982f/fast && /usr/bin/gmake  -f CMakeFiles/cmTC_3982f.dir/build.make CMakeFiles/cmTC_3982f.dir/build]
  ignore line: [gmake[1]: Entering directory '/workspace/CUDA/LLVM/counting/demo2/build/CMakeFiles/CMakeTmp']
  ignore line: [Building C object CMakeFiles/cmTC_3982f.dir/CMakeCCompilerABI.c.o]
  ignore line: [/usr/bin/clang-19   -v -MD -MT CMakeFiles/cmTC_3982f.dir/CMakeCCompilerABI.c.o -MF CMakeFiles/cmTC_3982f.dir/CMakeCCompilerABI.c.o.d -o CMakeFiles/cmTC_3982f.dir/CMakeCCompilerABI.c.o -c /usr/share/cmake-3.22/Modules/CMakeCCompilerABI.c]
  ignore line: [Ubuntu clang version 19.1.7 (++20250114103320+cd708029e0b2-1~exp1~20250114103432.75)]
  ignore line: [Target: x86_64-pc-linux-gnu]
  ignore line: [Thread model: posix]
  ignore line: [InstalledDir: /usr/lib/llvm-19/bin]
  ignore line: [Found candidate GCC installation: /usr/lib/gcc/x86_64-linux-gnu/11]
  ignore line: [Selected GCC installation: /usr/lib/gcc/x86_64-linux-gnu/11]
  ignore line: [Candidate multilib: .]
  ignore line: [@m64]
  ignore line: [Selected multilib: .]
  ignore line: [@m64]
  ignore line: [Found CUDA installation: /usr/local/cuda-12.5  version 12.5]
  ignore line: [ (in-process)]
  ignore line: [ "/usr/lib/llvm-19/bin/clang" -cc1 -triple x86_64-pc-linux-gnu -emit-obj -disable-free -clear-ast-before-backend -disable-llvm-verifier -discard-value-names -main-file-name CMakeCCompilerABI.c -mrelocation-model pic -pic-level 2 -pic-is-pie -mframe-pointer=all -fmath-errno -ffp-contract=on -fno-rounding-math -mconstructor-aliases -funwind-tables=2 -target-cpu x86-64 -tune-cpu generic -debugger-tuning=gdb -fdebug-compilation-dir=/workspace/CUDA/LLVM/counting/demo2/build/CMakeFiles/CMakeTmp -v -fcoverage-compilation-dir=/workspace/CUDA/LLVM/counting/demo2/build/CMakeFiles/CMakeTmp -resource-dir /usr/lib/llvm-19/lib/clang/19 -dependency-file CMakeFiles/cmTC_3982f.dir/CMakeCCompilerABI.c.o.d -MT CMakeFiles/cmTC_3982f.dir/CMakeCCompilerABI.c.o -sys-header-deps -internal-isystem /usr/lib/llvm-19/lib/clang/19/include -internal-isystem /usr/local/include -internal-isystem /usr/lib/gcc/x86_64-linux-gnu/11/../../../../x86_64-linux-gnu/include -internal-externc-isystem /usr/include/x86_64-linux-gnu -internal-externc-isystem /include -internal-externc-isystem /usr/include -ferror-limit 19 -fgnuc-version=4.2.1 -fskip-odr-check-in-gmf -faddrsig -D__GCC_HAVE_DWARF2_CFI_ASM=1 -o CMakeFiles/cmTC_3982f.dir/CMakeCCompilerABI.c.o -x c /usr/share/cmake-3.22/Modules/CMakeCCompilerABI.c]
  ignore line: [clang -cc1 version 19.1.7 based upon LLVM 19.1.7 default target x86_64-pc-linux-gnu]
  ignore line: [ignoring nonexistent directory "/usr/lib/gcc/x86_64-linux-gnu/11/../../../../x86_64-linux-gnu/include"]
  ignore line: [ignoring nonexistent directory "/include"]
  ignore line: [#include "..." search starts here:]
  ignore line: [#include <...> search starts here:]
  ignore line: [ /usr/lib/llvm-19/lib/clang/19/include]
  ignore line: [ /usr/local/include]
  ignore line: [ /usr/include/x86_64-linux-gnu]
  ignore line: [ /usr/include]
  ignore line: [End of search list.]
  ignore line: [Linking C executable cmTC_3982f]
  ignore line: [/usr/bin/cmake -E cmake_link_script CMakeFiles/cmTC_3982f.dir/link.txt --verbose=1]
  ignore line: [/usr/bin/clang-19  -v CMakeFiles/cmTC_3982f.dir/CMakeCCompilerABI.c.o -o cmTC_3982f ]
  ignore line: [Ubuntu clang version 19.1.7 (++20250114103320+cd708029e0b2-1~exp1~20250114103432.75)]
  ignore line: [Target: x86_64-pc-linux-gnu]
  ignore line: [Thread model: posix]
  ignore line: [InstalledDir: /usr/lib/llvm-19/bin]
  ignore line: [Found candidate GCC installation: /usr/lib/gcc/x86_64-linux-gnu/11]
  ignore line: [Selected GCC installation: /usr/lib/gcc/x86_64-linux-gnu/11]
  ignore line: [Candidate multilib: .]
  ignore line: [@m64]
  ignore line: [Selected multilib: .]
  ignore line: [@m64]
  ignore line: [Found CUDA installation: /usr/local/cuda-12.5  version 12.5]
  link line: [ "/usr/bin/ld" -z relro --hash-style=gnu --build-id --eh-frame-hdr -m elf_x86_64 -pie -dynamic-linker /lib64/ld-linux-x86-64.so.2 -o cmTC_3982f /lib/x86_64-linux-gnu/Scrt1.o /lib/x86_64-linux-gnu/crti.o /usr/lib/gcc/x86_64-linux-gnu/11/crtbeginS.o -L/usr/lib/gcc/x86_64-linux-gnu/11 -L/usr/lib/gcc/x86_64-linux-gnu/11/../../../../lib64 -L/lib/x86_64-linux-gnu -L/lib/../lib64 -L/usr/lib/x86_64-linux-gnu -L/usr/lib/../lib64 -L/lib -L/usr/lib -L/usr/local/cuda/lib64/stubs CMakeFiles/cmTC_3982f.dir/CMakeCCompilerABI.c.o -lgcc --as-needed -lgcc_s --no-as-needed -lc -lgcc --as-needed -lgcc_s --no-as-needed /usr/lib/gcc/x86_64-linux-gnu/11/crtendS.o /lib/x86_64-linux-gnu/crtn.o]
    arg [/usr/bin/ld] ==> ignore
    arg [-zrelro] ==> ignore
    arg [--hash-style=gnu] ==> ignore
    arg [--build-id] ==> ignore
    arg [--eh-frame-hdr] ==> ignore
    arg [-m] ==> ignore
    arg [elf_x86_64] ==> ignore
    arg [-pie] ==> ignore
    arg [-dynamic-linker] ==> ignore
    arg [/lib64/ld-linux-x86-64.so.2] ==> ignore
    arg [-o] ==> ignore
    arg [cmTC_3982f] ==> ignore
    arg [/lib/x86_64-linux-gnu/Scrt1.o] ==> obj [/lib/x86_64-linux-gnu/Scrt1.o]
    arg [/lib/x86_64-linux-gnu/crti.o] ==> obj [/lib/x86_64-linux-gnu/crti.o]
    arg [/usr/lib/gcc/x86_64-linux-gnu/11/crtbeginS.o] ==> obj [/usr/lib/gcc/x86_64-linux-gnu/11/crtbeginS.o]
    arg [-L/usr/lib/gcc/x86_64-linux-gnu/11] ==> dir [/usr/lib/gcc/x86_64-linux-gnu/11]
    arg [-L/usr/lib/gcc/x86_64-linux-gnu/11/../../../../lib64] ==> dir [/usr/lib/gcc/x86_64-linux-gnu/11/../../../../lib64]
    arg [-L/lib/x86_64-linux-gnu] ==> dir [/lib/x86_64-linux-gnu]
    arg [-L/lib/../lib64] ==> dir [/lib/../lib64]
    arg [-L/usr/lib/x86_64-linux-gnu] ==> dir [/usr/lib/x86_64-linux-gnu]
    arg [-L/usr/lib/../lib64] ==> dir [/usr/lib/../lib64]
    arg [-L/lib] ==> dir [/lib]
    arg [-L/usr/lib] ==> dir [/usr/lib]
    arg [-L/usr/local/cuda/lib64/stubs] ==> dir [/usr/local/cuda/lib64/stubs]
    arg [CMakeFiles/cmTC_3982f.dir/CMakeCCompilerABI.c.o] ==> ignore
    arg [-lgcc] ==> lib [gcc]
    arg [--as-needed] ==> ignore
    arg [-lgcc_s] ==> lib [gcc_s]
    arg [--no-as-needed] ==> ignore
    arg [-lc] ==> lib [c]
    arg [-lgcc] ==> lib [gcc]
    arg [--as-needed] ==> ignore
    arg [-lgcc_s] ==> lib [gcc_s]
    arg [--no-as-needed] ==> ignore
    arg [/usr/lib/gcc/x86_64-linux-gnu/11/crtendS.o] ==> obj [/usr/lib/gcc/x86_64-linux-gnu/11/crtendS.o]
    arg [/lib/x86_64-linux-gnu/crtn.o] ==> obj [/lib/x86_64-linux-gnu/crtn.o]
  collapse library dir [/usr/lib/gcc/x86_64-linux-gnu/11] ==> [/usr/lib/gcc/x86_64-linux-gnu/11]
  collapse library dir [/usr/lib/gcc/x86_64-linux-gnu/11/../../../../lib64] ==> [/usr/lib64]
  collapse library dir [/lib/x86_64-linux-gnu] ==> [/lib/x86_64-linux-gnu]
  collapse library dir [/lib/../lib64] ==> [/lib64]
  collapse library dir [/usr/lib/x86_64-linux-gnu] ==> [/usr/lib/x86_64-linux-gnu]
  collapse library dir [/usr/lib/../lib64] ==> [/usr/lib64]
  collapse library dir [/lib] ==> [/lib]
  collapse library dir [/usr/lib] ==> [/usr/lib]
  collapse library dir [/usr/local/cuda/lib64/stubs] ==> [/usr/local/cuda/lib64/stubs]
  implicit libs: [gcc;gcc_s;c;gcc;gcc_s]
  implicit objs: [/lib/x86_64-linux-gnu/Scrt1.o;/lib/x86_64-linux-gnu/crti.o;/usr/lib/gcc/x86_64-linux-gnu/11/crtbeginS.o;/usr/lib/gcc/x86_64-linux-gnu/11/crtendS.o;/lib/x86_64-linux-gnu/crtn.o]
  implicit dirs: [/usr/lib/gcc/x86_64-linux-gnu/11;/usr/lib64;/lib/x86_64-linux-gnu;/lib64;/usr/lib/x86_64-linux-gnu;/lib;/usr/lib;/usr/local/cuda/lib64/stubs]
  implicit fwks: []


Detecting CXX compiler ABI info compiled with the following output:
Change Dir: /workspace/CUDA/LLVM/counting/demo2/build/CMakeFiles/CMakeTmp

Run Build Command(s):/usr/bin/gmake -f Makefile cmTC_e5be6/fast && /usr/bin/gmake  -f CMakeFiles/cmTC_e5be6.dir/build.make CMakeFiles/cmTC_e5be6.dir/build
gmake[1]: Entering directory '/workspace/CUDA/LLVM/counting/demo2/build/CMakeFiles/CMakeTmp'
Building CXX object CMakeFiles/cmTC_e5be6.dir/CMakeCXXCompilerABI.cpp.o
/usr/bin/clang++-19   -v -MD -MT CMakeFiles/cmTC_e5be6.dir/CMakeCXXCompilerABI.cpp.o -MF CMakeFiles/cmTC_e5be6.dir/CMakeCXXCompilerABI.cpp.o.d -o CMakeFiles/cmTC_e5be6.dir/CMakeCXXCompilerABI.cpp.o -c /usr/share/cmake-3.22/Modules/CMakeCXXCompilerABI.cpp
Ubuntu clang version 19.1.7 (++20250114103320+cd708029e0b2-1~exp1~20250114103432.75)
Target: x86_64-pc-linux-gnu
Thread model: posix
InstalledDir: /usr/lib/llvm-19/bin
Found candidate GCC installation: /usr/lib/gcc/x86_64-linux-gnu/11
Selected GCC installation: /usr/lib/gcc/x86_64-linux-gnu/11
Candidate multilib: .;@m64
Selected multilib: .;@m64
Found CUDA installation: /usr/local/cuda-12.5, version 12.5
 (in-process)
 "/usr/lib/llvm-19/bin/clang" -cc1 -triple x86_64-pc-linux-gnu -emit-obj -disable-free -clear-ast-before-backend -disable-llvm-verifier -discard-value-names -main-file-name CMakeCXXCompilerABI.cpp -mrelocation-model pic -pic-level 2 -pic-is-pie -mframe-pointer=all -fmath-errno -ffp-contract=on -fno-rounding-math -mconstructor-aliases -funwind-tables=2 -target-cpu x86-64 -tune-cpu generic -debugger-tuning=gdb -fdebug-compilation-dir=/workspace/CUDA/LLVM/counting/demo2/build/CMakeFiles/CMakeTmp -v -fcoverage-compilation-dir=/workspace/CUDA/LLVM/counting/demo2/build/CMakeFiles/CMakeTmp -resource-dir /usr/lib/llvm-19/lib/clang/19 -dependency-file CMakeFiles/cmTC_e5be6.dir/CMakeCXXCompilerABI.cpp.o.d -MT CMakeFiles/cmTC_e5be6.dir/CMakeCXXCompilerABI.cpp.o -sys-header-deps -internal-isystem /usr/lib/gcc/x86_64-linux-gnu/11/../../../../include/c++/11 -internal-isystem /usr/lib/gcc/x86_64-linux-gnu/11/../../../../include/x86_64-linux-gnu/c++/11 -internal-isystem /usr/lib/gcc/x86_64-linux-gnu/11/../../../../include/c++/11/backward -internal-isystem /usr/lib/llvm-19/lib/clang/19/include -internal-isystem /usr/local/include -internal-isystem /usr/lib/gcc/x86_64-linux-gnu/11/../../../../x86_64-linux-gnu/include -internal-externc-isystem /usr/include/x86_64-linux-gnu -internal-externc-isystem /include -internal-externc-isystem /usr/include -fdeprecated-macro -ferror-limit 19 -fgnuc-version=4.2.1 -fskip-odr-check-in-gmf -fcxx-exceptions -fexceptions -faddrsig -D__GCC_HAVE_DWARF2_CFI_ASM=1 -o CMakeFiles/cmTC_e5be6.dir/CMakeCXXCompilerABI.cpp.o -x c++ /usr/share/cmake-3.22/Modules/CMakeCXXCompilerABI.cpp
clang -cc1 version 19.1.7 based upon LLVM 19.1.7 default target x86_64-pc-linux-gnu
ignoring nonexistent directory "/usr/lib/gcc/x86_64-linux-gnu/11/../../../../x86_64-linux-gnu/include"
ignoring nonexistent directory "/include"
#include "..." search starts here:
#include <...> search starts here:
 /usr/lib/gcc/x86_64-linux-gnu/11/../../../../include/c++/11
 /usr/lib/gcc/x86_64-linux-gnu/11/../../../../include/x86_64-linux-gnu/c++/11
 /usr/lib/gcc/x86_64-linux-gnu/11/../../../../include/c++/11/backward
 /usr/lib/llvm-19/lib/clang/19/include
 /usr/local/include
 /usr/include/x86_64-linux-gnu
 /usr/include
End of search list.
Linking CXX executable cmTC_e5be6
/usr/bin/cmake -E cmake_link_script CMakeFiles/cmTC_e5be6.dir/link.txt --verbose=1
/usr/bin/clang++-19  -v CMakeFiles/cmTC_e5be6.dir/CMakeCXXCompilerABI.cpp.o -o cmTC_e5be6 
Ubuntu clang version 19.1.7 (++20250114103320+cd708029e0b2-1~exp1~20250114103432.75)
Target: x86_64-pc-linux-gnu
Thread model: posix
InstalledDir: /usr/lib/llvm-19/bin
Found candidate GCC installation: /usr/lib/gcc/x86_64-linux-gnu/11
Selected GCC installation: /usr/lib/gcc/x86_64-linux-gnu/11
Candidate multilib: .;@m64
Selected multilib: .;@m64
Found CUDA installation: /usr/local/cuda-12.5, version 12.5
 "/usr/bin/ld" -z relro --hash-style=gnu --build-id --eh-frame-hdr -m elf_x86_64 -pie -dynamic-linker /lib64/ld-linux-x86-64.so.2 -o cmTC_e5be6 /lib/x86_64-linux-gnu/Scrt1.o /lib/x86_64-linux-gnu/crti.o /usr/lib/gcc/x86_64-linux-gnu/11/crtbeginS.o -L/usr/lib/gcc/x86_64-linux-gnu/11 -L/usr/lib/gcc/x86_64-linux-gnu/11/../../../../lib64 -L/lib/x86_64-linux-gnu -L/lib/../lib64 -L/usr/lib/x86_64-linux-gnu -L/usr/lib/../lib64 -L/lib -L/usr/lib -L/usr/local/cuda/lib64/stubs CMakeFiles/cmTC_e5be6.dir/CMakeCXXCompilerABI.cpp.o -lstdc++ -lm -lgcc_s -lgcc -lc -lgcc_s -lgcc /usr/lib/gcc/x86_64-linux-gnu/11/crtendS.o /lib/x86_64-linux-gnu/crtn.o
gmake[1]: Leaving directory '/workspace/CUDA/LLVM/counting/demo2/build/CMakeFiles/CMakeTmp'



Parsed CXX implicit include dir info from above output: rv=done
  found start of include info
  found start of implicit include info
    add: [/usr/lib/gcc/x86_64-linux-gnu/11/../../../../include/c++/11]
    add: [/usr/lib/gcc/x86_64-linux-gnu/11/../../../../include/x86_64-linux-gnu/c++/11]
    add: [/usr/lib/gcc/x86_64-linux-gnu/11/../../../../include/c++/11/backward]
    add: [/usr/lib/llvm-19/lib/clang/19/include]
    add: [/usr/local/include]
    add: [/usr/include/x86_64-linux-gnu]
    add: [/usr/include]
  end of search list found
  collapse include dir [/usr/lib/gcc/x86_64-linux-gnu/11/../../../../include/c++/11] ==> [/usr/include/c++/11]
  collapse include dir [/usr/lib/gcc/x86_64-linux-gnu/11/../../../../include/x86_64-linux-gnu/c++/11] ==> [/usr/include/x86_64-linux-gnu/c++/11]
  collapse include dir [/usr/lib/gcc/x86_64-linux-gnu/11/../../../../include/c++/11/backward] ==> [/usr/include/c++/11/backward]
  collapse include dir [/usr/lib/llvm-19/lib/clang/19/include] ==> [/usr/lib/llvm-19/lib/clang/19/include]
  collapse include dir [/usr/local/include] ==> [/usr/local/include]
  collapse include dir [/usr/include/x86_64-linux-gnu] ==> [/usr/include/x86_64-linux-gnu]
  collapse include dir [/usr/include] ==> [/usr/include]
  implicit include dirs: [/usr/include/c++/11;/usr/include/x86_64-linux-gnu/c++/11;/usr/include/c++/11/backward;/usr/lib/llvm-19/lib/clang/19/include;/usr/local/include;/usr/include/x86_64-linux-gnu;/usr/include]


Parsed CXX implicit link information from above output:
  link line regex: [^( *|.*[/\])(ld\.lld-19|CMAKE_LINK_STARTFILE-NOTFOUND|([^/\]+-)?ld|collect2)[^/\]*( |$)]
  ignore line: [Change Dir: /workspace/CUDA/LLVM/counting/demo2/build/CMakeFiles/CMakeTmp]
  ignore line: []
  ignore line: [Run Build Command(s):/usr/bin/gmake -f Makefile cmTC_e5be6/fast && /usr/bin/gmake  -f CMakeFiles/cmTC_e5be6.dir/build.make CMakeFiles/cmTC_e5be6.dir/build]
  ignore line: [gmake[1]: Entering directory '/workspace/CUDA/LLVM/counting/demo2/build/CMakeFiles/CMakeTmp']
  ignore line: [Building CXX object CMakeFiles/cmTC_e5be6.dir/CMakeCXXCompilerABI.cpp.o]
  ignore line: [/usr/bin/clang++-19   -v -MD -MT CMakeFiles/cmTC_e5be6.dir/CMakeCXXCompilerABI.cpp.o -MF CMakeFiles/cmTC_e5be6.dir/CMakeCXXCompilerABI.cpp.o.d -o CMakeFiles/cmTC_e5be6.dir/CMakeCXXCompilerABI.cpp.o -c /usr/share/cmake-3.22/Modules/CMakeCXXCompilerABI.cpp]
  ignore line: [Ubuntu clang version 19.1.7 (++20250114103320+cd708029e0b2-1~exp1~20250114103432.75)]
  ignore line: [Target: x86_64-pc-linux-gnu]
  ignore line: [Thread model: posix]
  ignore line: [InstalledDir: /usr/lib/llvm-19/bin]
  ignore line: [Found candidate GCC installation: /usr/lib/gcc/x86_64-linux-gnu/11]
  ignore line: [Selected GCC installation: /usr/lib/gcc/x86_64-linux-gnu/11]
  ignore line: [Candidate multilib: .]
  ignore line: [@m64]
  ignore line: [Selected multilib: .]
  ignore line: [@m64]
  ignore line: [Found CUDA installation: /usr/local/cuda-12.5  version 12.5]
  ignore line: [ (in-process)]
  ignore line: [ "/usr/lib/llvm-19/bin/clang" -cc1 -triple x86_64-pc-linux-gnu -emit-obj -disable-free -clear-ast-before-backend -disable-llvm-verifier -discard-value-names -main-file-name CMakeCXXCompilerABI.cpp -mrelocation-model pic -pic-level 2 -pic-is-pie -mframe-pointer=all -fmath-errno -ffp-contract=on -fno-rounding-math -mconstructor-aliases -funwind-tables=2 -target-cpu x86-64 -tune-cpu generic -debugger-tuning=gdb -fdebug-compilation-dir=/workspace/CUDA/LLVM/counting/demo2/build/CMakeFiles/CMakeTmp -v -fcoverage-compilation-dir=/workspace/CUDA/LLVM/counting/demo2/build/CMakeFiles/CMakeTmp -resource-dir /usr/lib/llvm-19/lib/clang/19 -dependency-file CMakeFiles/cmTC_e5be6.dir/CMakeCXXCompilerABI.cpp.o.d -MT CMakeFiles/cmTC_e5be6.dir/CMakeCXXCompilerABI.cpp.o -sys-header-deps -internal-isystem /usr/lib/gcc/x86_64-linux-gnu/11/../../../../include/c++/11 -internal-isystem /usr/lib/gcc/x86_64-linux-gnu/11/../../../../include/x86_64-linux-gnu/c++/11 -internal-isystem /usr/lib/gcc/x86_64-linux-gnu/11/../../../../include/c++/11/backward -internal-isystem /usr/lib/llvm-19/lib/clang/19/include -internal-isystem /usr/local/include -internal-isystem /usr/lib/gcc/x86_64-linux-gnu/11/../../../../x86_64-linux-gnu/include -internal-externc-isystem /usr/include/x86_64-linux-gnu -internal-externc-isystem /include -internal-externc-isystem /usr/include -fdeprecated-macro -ferror-limit 19 -fgnuc-version=4.2.1 -fskip-odr-check-in-gmf -fcxx-exceptions -fexceptions -faddrsig -D__GCC_HAVE_DWARF2_CFI_ASM=1 -o CMakeFiles/cmTC_e5be6.dir/CMakeCXXCompilerABI.cpp.o -x c++ /usr/share/cmake-3.22/Modules/CMakeCXXCompilerABI.cpp]
  ignore line: [clang -cc1 version 19.1.7 based upon LLVM 19.1.7 default target x86_64-pc-linux-gnu]
  ignore line: [ignoring nonexistent directory "/usr/lib/gcc/x86_64-linux-gnu/11/../../../../x86_64-linux-gnu/include"]
  ignore line: [ignoring nonexistent directory "/include"]
  ignore line: [#include "..." search starts here:]
  ignore line: [#include <...> search starts here:]
  ignore line: [ /usr/lib/gcc/x86_64-linux-gnu/11/../../../../include/c++/11]
  ignore line: [ /usr/lib/gcc/x86_64-linux-gnu/11/../../../../include/x86_64-linux-gnu/c++/11]
  ignore line: [ /usr/lib/gcc/x86_64-linux-gnu/11/../../../../include/c++/11/backward]
  ignore line: [ /usr/lib/llvm-19/lib/clang/19/include]
  ignore line: [ /usr/local/include]
  ignore line: [ /usr/include/x86_64-linux-gnu]
  ignore line: [ /usr/include]
  ignore line: [End of search list.]
  ignore line: [Linking CXX executable cmTC_e5be6]
  ignore line: [/usr/bin/cmake -E cmake_link_script CMakeFiles/cmTC_e5be6.dir/link.txt --verbose=1]
  ignore line: [/usr/bin/clang++-19  -v CMakeFiles/cmTC_e5be6.dir/CMakeCXXCompilerABI.cpp.o -o cmTC_e5be6 ]
  ignore line: [Ubuntu clang version 19.1.7 (++20250114103320+cd708029e0b2-1~exp1~20250114103432.75)]
  ignore line: [Target: x86_64-pc-linux-gnu]
  ignore line: [Thread model: posix]
  ignore line: [InstalledDir: /usr/lib/llvm-19/bin]
  ignore line: [Found candidate GCC installation: /usr/lib/gcc/x86_64-linux-gnu/11]
  ignore line: [Selected GCC installation: /usr/lib/gcc/x86_64-linux-gnu/11]
  ignore line: [Candidate multilib: .]
  ignore line: [@m64]
  ignore line: [Selected multilib: .]
  ignore line: [@m64]
  ignore line: [Found CUDA installation: /usr/local/cuda-12.5  version 12.5]
  link line: [ "/usr/bin/ld" -z relro --hash-style=gnu --build-id --eh-frame-hdr -m elf_x86_64 -pie -dynamic-linker /lib64/ld-linux-x86-64.so.2 -o cmTC_e5be6 /lib/x86_64-linux-gnu/Scrt1.o /lib/x86_64-linux-gnu/crti.o /usr/lib/gcc/x86_64-linux-gnu/11/crtbeginS.o -L/usr/lib/gcc/x86_64-linux-gnu/11 -L/usr/lib/gcc/x86_64-linux-gnu/11/../../../../lib64 -L/lib/x86_64-linux-gnu -L/lib/../lib64 -L/usr/lib/x86_64-linux-gnu -L/usr/lib/../lib64 -L/lib -L/usr/lib -L/usr/local/cuda/lib64/stubs CMakeFiles/cmTC_e5be6.dir/CMakeCXXCompilerABI.cpp.o -lstdc++ -lm -lgcc_s -lgcc -lc -lgcc_s -lgcc /usr/lib/gcc/x86_64-linux-gnu/11/crtendS.o /lib/x86_64-linux-gnu/crtn.o]
    arg [/usr/bin/ld] ==> ignore
    arg [-zrelro] ==> ignore
    arg [--hash-style=gnu] ==> ignore
    arg [--build-id] ==> ignore
    arg [--eh-frame-hdr] ==> ignore
    arg [-m] ==> ignore
    arg [elf_x86_64] ==> ignore
    arg [-pie] ==> ignore
    arg [-dynamic-linker] ==> ignore
    arg [/lib64/ld-linux-x86-64.so.2] ==> ignore
    arg [-o] ==> ignore
    arg [cmTC_e5be6] ==> ignore
    arg [/lib/x86_64-linux-gnu/Scrt1.o] ==> obj [/lib/x86_64-linux-gnu/Scrt1.o]
    arg [/lib/x86_64-linux-gnu/crti.o] ==> obj [/lib/x86_64-linux-gnu/crti.o]
    arg [/usr/lib/gcc/x86_64-linux-gnu/11/crtbeginS.o] ==> obj [/usr/lib/gcc/x86_64-linux-gnu/11/crtbeginS.o]
    arg [-L/usr/lib/gcc/x86_64-linux-gnu/11] ==> dir [/usr/lib/gcc/x86_64-linux-gnu/11]
    arg [-L/usr/lib/gcc/x86_64-linux-gnu/11/../../../../lib64] ==> dir [/usr/lib/gcc/x86_64-linux-gnu/11/../../../../lib64]
    arg [-L/lib/x86_64-linux-gnu] ==> dir [/lib/x86_64-linux-gnu]
    arg [-L/lib/../lib64] ==> dir [/lib/../lib64]
    arg [-L/usr/lib/x86_64-linux-gnu] ==> dir [/usr/lib/x86_64-linux-gnu]
    arg [-L/usr/lib/../lib64] ==> dir [/usr/lib/../lib64]
    arg [-L/lib] ==> dir [/lib]
    arg [-L/usr/lib] ==> dir [/usr/lib]
    arg [-L/usr/local/cuda/lib64/stubs] ==> dir [/usr/local/cuda/lib64/stubs]
    arg [CMakeFiles/cmTC_e5be6.dir/CMakeCXXCompilerABI.cpp.o] ==> ignore
    arg [-lstdc++] ==> lib [stdc++]
    arg [-lm] ==> lib [m]
    arg [-lgcc_s] ==> lib [gcc_s]
    arg [-lgcc] ==> lib [gcc]
    arg [-lc] ==> lib [c]
    arg [-lgcc_s] ==> lib [gcc_s]
    arg [-lgcc] ==> lib [gcc]
    arg [/usr/lib/gcc/x86_64-linux-gnu/11/crtendS.o] ==> obj [/usr/lib/gcc/x86_64-linux-gnu/11/crtendS.o]
    arg [/lib/x86_64-linux-gnu/crtn.o] ==> obj [/lib/x86_64-linux-gnu/crtn.o]
  collapse library dir [/usr/lib/gcc/x86_64-linux-gnu/11] ==> [/usr/lib/gcc/x86_64-linux-gnu/11]
  collapse library dir [/usr/lib/gcc/x86_64-linux-gnu/11/../../../../lib64] ==> [/usr/lib64]
  collapse library dir [/lib/x86_64-linux-gnu] ==> [/lib/x86_64-linux-gnu]
  collapse library dir [/lib/../lib64] ==> [/lib64]
  collapse library dir [/usr/lib/x86_64-linux-gnu] ==> [/usr/lib/x86_64-linux-gnu]
  collapse library dir [/usr/lib/../lib64] ==> [/usr/lib64]
  collapse library dir [/lib] ==> [/lib]
  collapse library dir [/usr/lib] ==> [/usr/lib]
  collapse library dir [/usr/local/cuda/lib64/stubs] ==> [/usr/local/cuda/lib64/stubs]
  implicit libs: [stdc++;m;gcc_s;gcc;c;gcc_s;gcc]
  implicit objs: [/lib/x86_64-linux-gnu/Scrt1.o;/lib/x86_64-linux-gnu/crti.o;/usr/lib/gcc/x86_64-linux-gnu/11/crtbeginS.o;/usr/lib/gcc/x86_64-linux-gnu/11/crtendS.o;/lib/x86_64-linux-gnu/crtn.o]
  implicit dirs: [/usr/lib/gcc/x86_64-linux-gnu/11;/usr/lib64;/lib/x86_64-linux-gnu;/lib64;/usr/lib/x86_64-linux-gnu;/lib;/usr/lib;/usr/local/cuda/lib64/stubs]
  implicit fwks: []


Performing C SOURCE FILE Test HAVE_FFI_CALL succeeded with the following output:
Change Dir: /workspace/CUDA/LLVM/counting/demo2/build/CMakeFiles/CMakeTmp

Run Build Command(s):/usr/bin/gmake -f Makefile cmTC_21d65/fast && /usr/bin/gmake  -f CMakeFiles/cmTC_21d65.dir/build.make CMakeFiles/cmTC_21d65.dir/build
gmake[1]: Entering directory '/workspace/CUDA/LLVM/counting/demo2/build/CMakeFiles/CMakeTmp'
Building C object CMakeFiles/cmTC_21d65.dir/src.c.o
/usr/bin/clang-19 -DHAVE_FFI_CALL   -MD -MT CMakeFiles/cmTC_21d65.dir/src.c.o -MF CMakeFiles/cmTC_21d65.dir/src.c.o.d -o CMakeFiles/cmTC_21d65.dir/src.c.o -c /workspace/CUDA/LLVM/counting/demo2/build/CMakeFiles/CMakeTmp/src.c
Linking C executable cmTC_21d65
/usr/bin/cmake -E cmake_link_script CMakeFiles/cmTC_21d65.dir/link.txt --verbose=1
/usr/bin/clang-19 CMakeFiles/cmTC_21d65.dir/src.c.o -o cmTC_21d65  /usr/lib/x86_64-linux-gnu/libffi.so 
gmake[1]: Leaving directory '/workspace/CUDA/LLVM/counting/demo2/build/CMakeFiles/CMakeTmp'


Source file was:
    #ifdef __cplusplus
    extern "C" {
    #endif
    struct ffi_cif;
    typedef struct ffi_cif ffi_cif;
    void ffi_call(ffi_cif *cif, void (*fn)(void), void *rvalue, void **avalue);
    #ifdef __cplusplus
    }
    #endif
    int main(void) { ffi_call(0, 0, 0, 0); }
    
Determining if the include file histedit.h exists passed with the following output:
Change Dir: /workspace/CUDA/LLVM/counting/demo2/build/CMakeFiles/CMakeTmp

Run Build Command(s):/usr/bin/gmake -f Makefile cmTC_63be1/fast && /usr/bin/gmake  -f CMakeFiles/cmTC_63be1.dir/build.make CMakeFiles/cmTC_63be1.dir/build
gmake[1]: Entering directory '/workspace/CUDA/LLVM/counting/demo2/build/CMakeFiles/CMakeTmp'
Building C object CMakeFiles/cmTC_63be1.dir/CheckIncludeFile.c.o
/usr/bin/clang-19    -MD -MT CMakeFiles/cmTC_63be1.dir/CheckIncludeFile.c.o -MF CMakeFiles/cmTC_63be1.dir/CheckIncludeFile.c.o.d -o CMakeFiles/cmTC_63be1.dir/CheckIncludeFile.c.o -c /workspace/CUDA/LLVM/counting/demo2/build/CMakeFiles/CMakeTmp/CheckIncludeFile.c
Linking C executable cmTC_63be1
/usr/bin/cmake -E cmake_link_script CMakeFiles/cmTC_63be1.dir/link.txt --verbose=1
/usr/bin/clang-19 CMakeFiles/cmTC_63be1.dir/CheckIncludeFile.c.o -o cmTC_63be1  /usr/lib/x86_64-linux-gnu/libedit.so 
gmake[1]: Leaving directory '/workspace/CUDA/LLVM/counting/demo2/build/CMakeFiles/CMakeTmp'



